0 info it worked if it ends with ok
1 verbose cli [ '/usr/bin/nodejs', '/usr/bin/npm', 'run', 'build:watch' ]
2 info using npm@3.5.2
3 info using node@v4.2.6
4 verbose run-script [ 'prebuild:watch', 'build:watch', 'postbuild:watch' ]
5 info lifecycle angular-quickstart@1.0.0~prebuild:watch: angular-quickstart@1.0.0
6 silly lifecycle angular-quickstart@1.0.0~prebuild:watch: no script for prebuild:watch, continuing
7 info lifecycle angular-quickstart@1.0.0~build:watch: angular-quickstart@1.0.0
8 verbose lifecycle angular-quickstart@1.0.0~build:watch: unsafe-perm in lifecycle true
9 verbose lifecycle angular-quickstart@1.0.0~build:watch: PATH: /usr/share/npm/bin/node-gyp-bin:/home/nidhi/Documents/550/RedRoofs/RedRoofsFrontend/node_modules/.bin:/usr/share/npm/bin/node-gyp-bin:/home/nidhi/Documents/550/RedRoofs/RedRoofsFrontend/node_modules/.bin:/home/nidhi/bin:/home/nidhi/.local/bin:/usr/local/sbin:/usr/local/bin:/usr/sbin:/usr/bin:/sbin:/bin:/usr/games:/usr/local/games:/snap/bin
10 verbose lifecycle angular-quickstart@1.0.0~build:watch: CWD: /home/nidhi/Documents/550/RedRoofs/RedRoofsFrontend
11 silly lifecycle angular-quickstart@1.0.0~build:watch: Args: [ '-c', 'tsc -p src/ -w' ]
12 silly lifecycle angular-quickstart@1.0.0~build:watch: Returned: code: 1  signal: null
13 info lifecycle angular-quickstart@1.0.0~build:watch: Failed to exec build:watch script
14 verbose stack Error: angular-quickstart@1.0.0 build:watch: `tsc -p src/ -w`
14 verbose stack Exit status 1
14 verbose stack     at EventEmitter.<anonymous> (/usr/share/npm/lib/utils/lifecycle.js:232:16)
14 verbose stack     at emitTwo (events.js:87:13)
14 verbose stack     at EventEmitter.emit (events.js:172:7)
14 verbose stack     at ChildProcess.<anonymous> (/usr/share/npm/lib/utils/spawn.js:24:14)
14 verbose stack     at emitTwo (events.js:87:13)
14 verbose stack     at ChildProcess.emit (events.js:172:7)
14 verbose stack     at maybeClose (internal/child_process.js:821:16)
14 verbose stack     at Process.ChildProcess._handle.onexit (internal/child_process.js:211:5)
15 verbose pkgid angular-quickstart@1.0.0
16 verbose cwd /home/nidhi/Documents/550/RedRoofs/RedRoofsFrontend
17 error Linux 4.4.0-71-generic
18 error argv "/usr/bin/nodejs" "/usr/bin/npm" "run" "build:watch"
19 error node v4.2.6
20 error npm  v3.5.2
21 error code ELIFECYCLE
22 error angular-quickstart@1.0.0 build:watch: `tsc -p src/ -w`
22 error Exit status 1
23 error Failed at the angular-quickstart@1.0.0 build:watch script 'tsc -p src/ -w'.
23 error Make sure you have the latest version of node.js and npm installed.
23 error If you do, this is most likely a problem with the angular-quickstart package,
23 error not with npm itself.
23 error Tell the author that this fails on your system:
23 error     tsc -p src/ -w
23 error You can get information on how to open an issue for this project with:
23 error     npm bugs angular-quickstart
23 error Or if that isn't available, you can get their info via:
23 error     npm owner ls angular-quickstart
23 error There is likely additional logging output above.
24 verbose exit [ 1, true ]
